INFO main com.tobedone.logic.ToDoList - Display task list sorted by priority.
INFO main com.tobedone.command.Command - Add a new task.
INFO main com.tobedone.logic.ToDoList - Display task list sorted by priority.
INFO main com.tobedone.logic.ToDoListImp - Create a new task.
INFO main com.tobedone.command.utilities.CommandHistory - Push command into command stack.
INFO main com.tobedone.logic.ToDoList - Display task list sorted by priority.
INFO AWT-EventQueue-0 com.tobedone.logic.ToDoList - Display task list sorted by priority.
INFO AWT-EventQueue-0 com.tobedone.logic.ToDoList - Display task list sorted by priority.
INFO AWT-EventQueue-0 com.tobedone.logic.ToDoListImp - Update a task.
INFO AWT-EventQueue-0 com.tobedone.logic.ToDoListImp - Delete a task.
INFO AWT-EventQueue-0 com.tobedone.logic.ToDoListImp - Create a new task.
INFO AWT-EventQueue-0 com.tobedone.command.utilities.CommandHistory - Push command into command stack.
INFO AWT-EventQueue-0 com.tobedone.command.Command - Remove a task.
INFO AWT-EventQueue-0 com.tobedone.logic.ToDoListImp - Delete a task.
INFO AWT-EventQueue-0 com.tobedone.command.utilities.CommandHistory - Push command into command stack.
INFO AWT-EventQueue-0 com.tobedone.logic.ToDoList - Display task list sorted by priority.
INFO AWT-EventQueue-0 com.tobedone.logic.ToDoList - Display task list sorted by priority.
INFO AWT-EventQueue-0 com.tobedone.command.Command - Remove a task.
INFO AWT-EventQueue-0 com.tobedone.logic.ToDoListImp - Delete a task.
INFO AWT-EventQueue-0 com.tobedone.command.utilities.CommandHistory - Push command into command stack.
INFO AWT-EventQueue-0 com.tobedone.logic.ToDoList - Display task list sorted by priority.
INFO AWT-EventQueue-0 com.tobedone.logic.ToDoListImp - Update a task.
INFO AWT-EventQueue-0 com.tobedone.logic.ToDoListImp - Delete a task.
INFO AWT-EventQueue-0 com.tobedone.logic.ToDoListImp - Create a new task.
INFO AWT-EventQueue-0 com.tobedone.command.utilities.CommandHistory - Push command into command stack.
INFO AWT-EventQueue-0 com.tobedone.logic.ToDoList - Display task list sorted by priority.
INFO AWT-EventQueue-0 com.tobedone.logic.ToDoList - Display task list sorted by priority.
INFO AWT-EventQueue-0 com.tobedone.logic.ToDoListImp - Update a task.
INFO AWT-EventQueue-0 com.tobedone.logic.ToDoListImp - Delete a task.
INFO AWT-EventQueue-0 com.tobedone.logic.ToDoListImp - Create a new task.
INFO AWT-EventQueue-0 com.tobedone.command.utilities.CommandHistory - Push command into command stack.
INFO AWT-EventQueue-0 com.tobedone.command.Command - Remove a task.
INFO AWT-EventQueue-0 com.tobedone.logic.ToDoListImp - Delete a task.
INFO AWT-EventQueue-0 com.tobedone.command.utilities.CommandHistory - Push command into command stack.
INFO AWT-EventQueue-0 com.tobedone.logic.ToDoList - Display task list sorted by priority.
INFO AWT-EventQueue-0 com.tobedone.logic.ToDoList - Display task list sorted by priority.
INFO AWT-EventQueue-0 com.tobedone.command.Command - Add a new task.
INFO AWT-EventQueue-0 com.tobedone.logic.ToDoList - Display task list sorted by priority.
INFO AWT-EventQueue-0 com.tobedone.logic.ToDoListImp - Create a new task.
INFO AWT-EventQueue-0 com.tobedone.command.utilities.CommandHistory - Push command into command stack.
INFO AWT-EventQueue-0 com.tobedone.logic.ToDoList - Display task list sorted by priority.
INFO AWT-EventQueue-0 com.tobedone.logic.ToDoListImp - Update a task.
INFO AWT-EventQueue-0 com.tobedone.logic.ToDoListImp - Delete a task.
INFO AWT-EventQueue-0 com.tobedone.logic.ToDoListImp - Create a new task.
INFO AWT-EventQueue-0 com.tobedone.command.utilities.CommandHistory - Push command into command stack.
INFO AWT-EventQueue-0 com.tobedone.command.Command - Remove a task.
INFO AWT-EventQueue-0 com.tobedone.logic.ToDoListImp - Delete a task.
INFO AWT-EventQueue-0 com.tobedone.command.utilities.CommandHistory - Push command into command stack.
INFO AWT-EventQueue-0 com.tobedone.command.Command - Undo previous action
INFO AWT-EventQueue-0 com.tobedone.command.utilities.CommandHistory - Pop command from command stack.
INFO AWT-EventQueue-0 com.tobedone.command.Command - Undo previous action
INFO AWT-EventQueue-0 com.tobedone.logic.ToDoListImp - Create a new task.
INFO main com.tobedone.logic.ToDoList - Display task list sorted by priority.
INFO main com.tobedone.command.Command - Add a new task.
INFO main com.tobedone.logic.ToDoList - Display task list sorted by priority.
INFO main com.tobedone.logic.ToDoListImp - Create a new task.
INFO main com.tobedone.command.utilities.CommandHistory - Push command into command stack.
INFO main com.tobedone.logic.ToDoList - Display task list sorted by priority.
INFO AWT-EventQueue-0 com.tobedone.logic.ToDoList - Display task list sorted by priority.
INFO AWT-EventQueue-0 com.tobedone.logic.ToDoList - Display task list sorted by priority.
INFO AWT-EventQueue-0 com.tobedone.logic.ToDoListImp - Update a task.
INFO AWT-EventQueue-0 com.tobedone.logic.ToDoListImp - Delete a task.
INFO AWT-EventQueue-0 com.tobedone.logic.ToDoListImp - Create a new task.
INFO AWT-EventQueue-0 com.tobedone.command.utilities.CommandHistory - Push command into command stack.
INFO AWT-EventQueue-0 com.tobedone.command.Command - Remove a task.
INFO AWT-EventQueue-0 com.tobedone.logic.ToDoListImp - Delete a task.
INFO AWT-EventQueue-0 com.tobedone.command.utilities.CommandHistory - Push command into command stack.
INFO AWT-EventQueue-0 com.tobedone.logic.ToDoList - Display task list sorted by priority.
INFO AWT-EventQueue-0 com.tobedone.command.Command - Add a new task.
INFO AWT-EventQueue-0 com.tobedone.logic.ToDoList - Display task list sorted by priority.
INFO AWT-EventQueue-0 com.tobedone.logic.ToDoListImp - Create a new task.
INFO AWT-EventQueue-0 com.tobedone.command.utilities.CommandHistory - Push command into command stack.
INFO AWT-EventQueue-0 com.tobedone.command.Command - Remove a task.
INFO AWT-EventQueue-0 com.tobedone.logic.ToDoListImp - Delete a task.
INFO AWT-EventQueue-0 com.tobedone.command.utilities.CommandHistory - Push command into command stack.
INFO AWT-EventQueue-0 com.tobedone.logic.ToDoList - Display task list sorted by priority.
INFO AWT-EventQueue-0 com.tobedone.logic.ToDoListImp - Update a task.
INFO AWT-EventQueue-0 com.tobedone.logic.ToDoListImp - Delete a task.
INFO AWT-EventQueue-0 com.tobedone.logic.ToDoListImp - Create a new task.
INFO AWT-EventQueue-0 com.tobedone.command.utilities.CommandHistory - Push command into command stack.
INFO AWT-EventQueue-0 com.tobedone.command.Command - Remove a task.
INFO AWT-EventQueue-0 com.tobedone.logic.ToDoListImp - Delete a task.
INFO AWT-EventQueue-0 com.tobedone.command.utilities.CommandHistory - Push command into command stack.
INFO AWT-EventQueue-0 com.tobedone.logic.ToDoList - Display task list sorted by priority.
INFO AWT-EventQueue-0 com.tobedone.command.Command - Add a new task.
INFO AWT-EventQueue-0 com.tobedone.logic.ToDoList - Display task list sorted by priority.
INFO AWT-EventQueue-0 com.tobedone.logic.ToDoListImp - Create a new task.
INFO AWT-EventQueue-0 com.tobedone.command.utilities.CommandHistory - Push command into command stack.
INFO AWT-EventQueue-0 com.tobedone.command.Command - Undo previous action
INFO AWT-EventQueue-0 com.tobedone.command.utilities.CommandHistory - Pop command from command stack.
INFO AWT-EventQueue-0 com.tobedone.command.Command - Undo the create command.
INFO AWT-EventQueue-0 com.tobedone.command.Command - Undo previous action
INFO AWT-EventQueue-0 com.tobedone.logic.ToDoListImp - Delete a task.
INFO AWT-EventQueue-0 com.tobedone.logic.ToDoList - Display task list sorted by priority.
INFO AWT-EventQueue-0 com.tobedone.logic.ToDoList - Display task list sorted by priority.
INFO AWT-EventQueue-0 com.tobedone.command.Command - Add a new task.
INFO AWT-EventQueue-0 com.tobedone.logic.ToDoList - Display task list sorted by priority.
INFO AWT-EventQueue-0 com.tobedone.logic.ToDoListImp - Create a new task.
INFO AWT-EventQueue-0 com.tobedone.command.utilities.CommandHistory - Push command into command stack.
INFO AWT-EventQueue-0 com.tobedone.logic.ToDoList - Display task list sorted by priority.
INFO AWT-EventQueue-0 com.tobedone.logic.ToDoListImp - Update a task.
INFO AWT-EventQueue-0 com.tobedone.logic.ToDoListImp - Delete a task.
INFO AWT-EventQueue-0 com.tobedone.logic.ToDoListImp - Create a new task.
INFO AWT-EventQueue-0 com.tobedone.command.utilities.CommandHistory - Push command into command stack.
INFO AWT-EventQueue-0 com.tobedone.logic.ToDoList - Display task list sorted by priority.
INFO AWT-EventQueue-0 com.tobedone.logic.ToDoList - Display task list sorted by priority.
INFO AWT-EventQueue-0 com.tobedone.logic.ToDoList - Display task list sorted by priority.
INFO AWT-EventQueue-0 com.tobedone.command.Command - Remove a task.
INFO AWT-EventQueue-0 com.tobedone.logic.ToDoListImp - Delete a task.
INFO AWT-EventQueue-0 com.tobedone.command.utilities.CommandHistory - Push command into command stack.
INFO AWT-EventQueue-0 com.tobedone.logic.ToDoList - Display task list sorted by priority.
INFO AWT-EventQueue-0 com.tobedone.logic.ToDoListImp - Update a task.
INFO AWT-EventQueue-0 com.tobedone.logic.ToDoListImp - Delete a task.
INFO AWT-EventQueue-0 com.tobedone.logic.ToDoListImp - Create a new task.
INFO AWT-EventQueue-0 com.tobedone.command.utilities.CommandHistory - Push command into command stack.
INFO AWT-EventQueue-0 com.tobedone.logic.ToDoList - Display task list sorted by priority.
INFO AWT-EventQueue-0 com.tobedone.logic.ToDoList - Display task list sorted by priority.
INFO AWT-EventQueue-0 com.tobedone.logic.ToDoList - Display task list sorted by priority.
INFO AWT-EventQueue-0 com.tobedone.logic.ToDoList - Display task list sorted by priority.
INFO AWT-EventQueue-0 com.tobedone.command.Command - Add a new task.
INFO AWT-EventQueue-0 com.tobedone.logic.ToDoList - Display task list sorted by priority.
INFO AWT-EventQueue-0 com.tobedone.logic.ToDoListImp - Create a new task.
INFO AWT-EventQueue-0 com.tobedone.command.utilities.CommandHistory - Push command into command stack.
INFO AWT-EventQueue-0 com.tobedone.logic.ToDoList - Display task list sorted by priority.
INFO AWT-EventQueue-0 com.tobedone.command.Command - Add a new task.
INFO AWT-EventQueue-0 com.tobedone.logic.ToDoList - Display task list sorted by priority.
INFO AWT-EventQueue-0 com.tobedone.logic.ToDoListImp - Create a new task.
INFO AWT-EventQueue-0 com.tobedone.command.utilities.CommandHistory - Push command into command stack.
INFO AWT-EventQueue-0 com.tobedone.logic.ToDoList - Display task list sorted by priority, deadline/endtime, start time, alphebatically.
INFO AWT-EventQueue-0 com.tobedone.command.Command - Executing search command.
INFO AWT-EventQueue-0 com.tobedone.logic.ToDoList - Display task list sorted by priority, deadline/endtime, start time, alphebatically.
INFO AWT-EventQueue-0 com.tobedone.command.Command - Add a new task.
INFO AWT-EventQueue-0 com.tobedone.logic.ToDoList - Display task list sorted by priority, deadline/endtime, start time, alphebatically.
INFO AWT-EventQueue-0 com.tobedone.logic.ToDoListImp - Create a new task.
INFO AWT-EventQueue-0 com.tobedone.command.utilities.CommandHistory - Push command into command stack.
INFO AWT-EventQueue-0 com.tobedone.logic.ToDoList - Display task list sorted by priority, deadline/endtime, start time, alphebatically.
INFO AWT-EventQueue-0 com.tobedone.command.Command - Remove a task.
INFO AWT-EventQueue-0 com.tobedone.logic.ToDoListImp - Delete a task.
INFO AWT-EventQueue-0 com.tobedone.command.utilities.CommandHistory - Push command into command stack.
INFO AWT-EventQueue-0 com.tobedone.logic.ToDoList - Display task list sorted by priority, deadline/endtime, start time, alphebatically.
INFO AWT-EventQueue-0 com.tobedone.logic.ToDoList - Display task list sorted by priority, deadline/endtime, start time, alphebatically.
INFO AWT-EventQueue-0 com.tobedone.logic.ToDoList - Display task list sorted by priority, deadline/endtime, start time, alphebatically.
INFO AWT-EventQueue-0 com.tobedone.logic.ToDoListImp - Update a task.
INFO AWT-EventQueue-0 com.tobedone.logic.ToDoListImp - Delete a task.
INFO AWT-EventQueue-0 com.tobedone.logic.ToDoListImp - Create a new task.
INFO AWT-EventQueue-0 com.tobedone.command.utilities.CommandHistory - Push command into command stack.
INFO AWT-EventQueue-0 com.tobedone.logic.ToDoList - Display task list sorted by priority, deadline/endtime, start time, alphebatically.
INFO AWT-EventQueue-0 com.tobedone.logic.ToDoList - Display task list sorted by priority, deadline/endtime, start time, alphebatically.
INFO AWT-EventQueue-0 com.tobedone.logic.ToDoListImp - Update a task.
INFO AWT-EventQueue-0 com.tobedone.logic.ToDoListImp - Delete a task.
INFO AWT-EventQueue-0 com.tobedone.logic.ToDoListImp - Create a new task.
INFO AWT-EventQueue-0 com.tobedone.command.utilities.CommandHistory - Push command into command stack.
INFO AWT-EventQueue-0 com.tobedone.logic.ToDoList - Display task list sorted by priority, deadline/endtime, start time, alphebatically.
INFO AWT-EventQueue-0 com.tobedone.logic.ToDoList - Display task list sorted by priority, deadline/endtime, start time, alphebatically.
INFO AWT-EventQueue-0 com.tobedone.logic.ToDoListImp - Update a task.
INFO AWT-EventQueue-0 com.tobedone.logic.ToDoListImp - Delete a task.
INFO AWT-EventQueue-0 com.tobedone.logic.ToDoListImp - Create a new task.
INFO AWT-EventQueue-0 com.tobedone.command.utilities.CommandHistory - Push command into command stack.
INFO AWT-EventQueue-0 com.tobedone.logic.ToDoList - Display task list sorted by priority, deadline/endtime, start time, alphebatically.
INFO AWT-EventQueue-0 com.tobedone.logic.ToDoList - Display task list sorted by priority, deadline/endtime, start time, alphebatically.
INFO AWT-EventQueue-0 com.tobedone.logic.ToDoList - Display task list sorted by priority, deadline/endtime, start time, alphebatically.
INFO AWT-EventQueue-0 com.tobedone.logic.ToDoListImp - Update a task.
INFO AWT-EventQueue-0 com.tobedone.logic.ToDoListImp - Delete a task.
INFO AWT-EventQueue-0 com.tobedone.logic.ToDoListImp - Create a new task.
INFO AWT-EventQueue-0 com.tobedone.command.utilities.CommandHistory - Push command into command stack.
INFO AWT-EventQueue-0 com.tobedone.logic.ToDoList - Display task list sorted by priority, deadline/endtime, start time, alphebatically.
INFO AWT-EventQueue-0 com.tobedone.logic.ToDoList - Display task list sorted by priority, deadline/endtime, start time, alphebatically.
INFO AWT-EventQueue-0 com.tobedone.logic.ToDoList - Display task list sorted by priority, deadline/endtime, start time, alphebatically.
INFO AWT-EventQueue-0 com.tobedone.logic.ToDoListImp - Update a task.
INFO AWT-EventQueue-0 com.tobedone.logic.ToDoListImp - Delete a task.
INFO AWT-EventQueue-0 com.tobedone.logic.ToDoListImp - Create a new task.
INFO AWT-EventQueue-0 com.tobedone.command.utilities.CommandHistory - Push command into command stack.
INFO AWT-EventQueue-0 com.tobedone.logic.ToDoList - Display task list sorted by priority, deadline/endtime, start time, alphebatically.
INFO AWT-EventQueue-0 com.tobedone.command.Command - Remove a task.
INFO AWT-EventQueue-0 com.tobedone.logic.ToDoListImp - Delete a task.
INFO AWT-EventQueue-0 com.tobedone.command.utilities.CommandHistory - Push command into command stack.
INFO main com.tobedone.logic.ToDoList - Display task list sorted by priority, deadline/endtime, start time, alphebatically.
INFO main com.tobedone.command.Command - Add a new task.
INFO main com.tobedone.logic.ToDoList - Display task list sorted by priority, deadline/endtime, start time, alphebatically.
INFO main com.tobedone.logic.ToDoListImp - Create a new task.
INFO main com.tobedone.command.utilities.CommandHistory - Push command into command stack.
INFO main com.tobedone.logic.ToDoList - Display task list sorted by priority, deadline/endtime, start time, alphebatically.
INFO main com.tobedone.logic.ToDoList - Display task list sorted by priority, deadline/endtime, start time, alphebatically.
INFO main com.tobedone.command.Command - Add a new task.
INFO main com.tobedone.logic.ToDoList - Display task list sorted by priority, deadline/endtime, start time, alphebatically.
INFO main com.tobedone.logic.ToDoListImp - Create a new task.
INFO main com.tobedone.command.utilities.CommandHistory - Push command into command stack.
INFO main com.tobedone.logic.ToDoList - Display task list sorted by priority, deadline/endtime, start time, alphebatically.
INFO main com.tobedone.logic.ToDoList - Display task list sorted by priority, deadline/endtime, start time, alphebatically.
INFO main com.tobedone.command.Command - Add a new task.
INFO main com.tobedone.logic.ToDoList - Display task list sorted by priority, deadline/endtime, start time, alphebatically.
INFO main com.tobedone.logic.ToDoListImp - Create a new task.
INFO main com.tobedone.command.utilities.CommandHistory - Push command into command stack.
INFO main com.tobedone.logic.ToDoList - Display task list sorted by priority, deadline/endtime, start time, alphebatically.
INFO main com.tobedone.logic.ToDoList - Display task list sorted by priority, deadline/endtime, start time, alphebatically.
INFO main com.tobedone.command.Command - Add a new task.
INFO main com.tobedone.logic.ToDoList - Display task list sorted by priority, deadline/endtime, start time, alphebatically.
INFO main com.tobedone.logic.ToDoListImp - Create a new task.
INFO main com.tobedone.command.utilities.CommandHistory - Push command into command stack.
INFO main com.tobedone.logic.ToDoList - Display task list sorted by priority, deadline/endtime, start time, alphebatically.
INFO main com.tobedone.logic.ToDoList - Display task list sorted by priority, deadline/endtime, start time, alphebatically.
INFO main com.tobedone.command.Command - Add a new task.
INFO main com.tobedone.logic.ToDoList - Display task list sorted by priority, deadline/endtime, start time, alphebatically.
INFO main com.tobedone.logic.ToDoListImp - Create a new task.
INFO main com.tobedone.command.utilities.CommandHistory - Push command into command stack.
INFO main com.tobedone.logic.ToDoList - Display task list sorted by priority, deadline/endtime, start time, alphebatically.
INFO main com.tobedone.command.Command - Add a new task.
INFO main com.tobedone.logic.ToDoList - Display task list sorted by priority, deadline/endtime, start time, alphebatically.
INFO main com.tobedone.logic.ToDoListImp - Create a new task.
INFO main com.tobedone.command.utilities.CommandHistory - Push command into command stack.
INFO main com.tobedone.logic.ToDoList - Display task list sorted by priority, deadline/endtime, start time, alphebatically.
INFO main com.tobedone.logic.ToDoList - Display task list sorted by priority, deadline/endtime, start time, alphebatically.
INFO main com.tobedone.command.Command - Add a new task.
INFO main com.tobedone.logic.ToDoList - Display task list sorted by priority, deadline/endtime, start time, alphebatically.
INFO main com.tobedone.logic.ToDoListImp - Create a new task.
INFO main com.tobedone.command.utilities.CommandHistory - Push command into command stack.
INFO main com.tobedone.logic.ToDoList - Display task list sorted by priority, deadline/endtime, start time, alphebatically.
INFO main com.tobedone.command.Command - Remove a task.
INFO main com.tobedone.logic.ToDoListImp - Delete a task.
INFO main com.tobedone.command.utilities.CommandHistory - Push command into command stack.
INFO main com.tobedone.logic.ToDoList - Display task list sorted by priority, deadline/endtime, start time, alphebatically.
INFO main com.tobedone.command.Command - Add a new task.
INFO main com.tobedone.logic.ToDoList - Display task list sorted by priority, deadline/endtime, start time, alphebatically.
INFO main com.tobedone.logic.ToDoListImp - Create a new task.
INFO main com.tobedone.command.utilities.CommandHistory - Push command into command stack.
INFO main com.tobedone.logic.ToDoList - Display task list sorted by priority, deadline/endtime, start time, alphebatically.
INFO main com.tobedone.command.Command - Add a new task.
INFO main com.tobedone.logic.ToDoList - Display task list sorted by priority, deadline/endtime, start time, alphebatically.
INFO main com.tobedone.logic.ToDoListImp - Create a new task.
INFO main com.tobedone.command.utilities.CommandHistory - Push command into command stack.
INFO main com.tobedone.logic.ToDoList - Display task list sorted by priority, deadline/endtime, start time, alphebatically.
INFO main com.tobedone.command.Command - Remove a task.
INFO main com.tobedone.logic.ToDoListImp - Delete a task.
INFO main com.tobedone.command.utilities.CommandHistory - Push command into command stack.
INFO AWT-EventQueue-0 com.tobedone.logic.ToDoList - Display task list sorted by priority, deadline/endtime, start time, alphebatically.
INFO AWT-EventQueue-0 com.tobedone.logic.ToDoList - Display task list sorted by priority, deadline/endtime, start time, alphebatically.
INFO AWT-EventQueue-0 com.tobedone.logic.ToDoListImp - Update a task.
INFO AWT-EventQueue-0 com.tobedone.logic.ToDoListImp - Delete a task.
INFO AWT-EventQueue-0 com.tobedone.logic.ToDoListImp - Create a new task.
INFO AWT-EventQueue-0 com.tobedone.command.utilities.CommandHistory - Push command into command stack.
INFO AWT-EventQueue-0 com.tobedone.logic.ToDoList - Display task list sorted by priority, deadline/endtime, start time, alphebatically.
INFO AWT-EventQueue-0 com.tobedone.logic.ToDoList - Display task list sorted by priority, deadline/endtime, start time, alphebatically.
INFO AWT-EventQueue-0 com.tobedone.logic.ToDoList - Display task list sorted by priority, deadline/endtime, start time, alphebatically.
INFO AWT-EventQueue-0 com.tobedone.logic.ToDoListImp - Update a task.
INFO AWT-EventQueue-0 com.tobedone.logic.ToDoListImp - Delete a task.
INFO AWT-EventQueue-0 com.tobedone.logic.ToDoListImp - Create a new task.
INFO AWT-EventQueue-0 com.tobedone.command.utilities.CommandHistory - Push command into command stack.
INFO AWT-EventQueue-0 com.tobedone.logic.ToDoList - Display task list sorted by priority, deadline/endtime, start time, alphebatically.
INFO AWT-EventQueue-0 com.tobedone.logic.ToDoList - Display task list sorted by priority, deadline/endtime, start time, alphebatically.
INFO AWT-EventQueue-0 com.tobedone.logic.ToDoListImp - Update a task.
INFO AWT-EventQueue-0 com.tobedone.logic.ToDoListImp - Delete a task.
INFO AWT-EventQueue-0 com.tobedone.logic.ToDoListImp - Create a new task.
INFO AWT-EventQueue-0 com.tobedone.command.utilities.CommandHistory - Push command into command stack.
INFO AWT-EventQueue-0 com.tobedone.command.Command - Remove a task.
INFO AWT-EventQueue-0 com.tobedone.logic.ToDoListImp - Delete a task.
INFO AWT-EventQueue-0 com.tobedone.command.utilities.CommandHistory - Push command into command stack.
INFO AWT-EventQueue-0 com.tobedone.command.Command - Remove a task.
INFO AWT-EventQueue-0 com.tobedone.logic.ToDoListImp - Delete a task.
INFO AWT-EventQueue-0 com.tobedone.command.utilities.CommandHistory - Push command into command stack.
INFO AWT-EventQueue-0 com.tobedone.command.Command - Remove a task.
INFO AWT-EventQueue-0 com.tobedone.logic.ToDoListImp - Delete a task.
INFO AWT-EventQueue-0 com.tobedone.command.utilities.CommandHistory - Push command into command stack.
